<?xml version="1.0"?>
<testsuite name="Chrome Headless 119.0.6045.160 (Windows 10)" package="" timestamp="2023-11-28T18:29:54" id="0" hostname="DESKTOP-BFFL7EL" tests="8" errors="0" failures="0" time="0.071">
  <properties>
    <property name="browser.fullName" value="Mozilla/5.0 (Windows NT 10.0; Win64; x64) AppleWebKit/537.36 (KHTML, like Gecko) HeadlessChrome/119.0.6045.160 Safari/537.36"/>
  </properties>
  <testcase name="CdbCalculationService should be created" time="0.011" classname="CdbCalculationService"/>
  <testcase name="AppComponent should unsubscribe when component is destroyed" time="0.042" classname="AppComponent"/>
  <testcase name="AppComponent should calculate and return response'" time="0.005" classname="AppComponent"/>
  <testcase name="AppComponent should have as title 'WebCdbApp'" time="0.005" classname="AppComponent"/>
  <testcase name="AppComponent should initiate the component" time="0.003" classname="AppComponent"/>
  <testcase name="AppComponent should create the component" time="0.003" classname="AppComponent"/>
  <testcase name="CdbCalculationService should be created" time="0.001" classname="CdbCalculationService"/>
  <testcase name="CdbCalculationService calculate" time="0.001" classname="CdbCalculationService"/>
  <system-out>
    <![CDATA[Chrome Headless 119.0.6045.160 (Windows 10) ERROR: 'NG0303: Can't bind to 'formGroup' since it isn't a known property of 'form'.'
,Chrome Headless 119.0.6045.160 (Windows 10) ERROR: 'NG0303: Can't bind to 'formGroup' since it isn't a known property of 'form'.'
,Chrome Headless 119.0.6045.160 (Windows 10) ERROR: 'NG0303: Can't bind to 'formGroup' since it isn't a known property of 'form'.'
,Chrome Headless 119.0.6045.160 (Windows 10) ERROR: 'NG0303: Can't bind to 'formGroup' since it isn't a known property of 'form'.'
,Chrome Headless 119.0.6045.160 (Windows 10) ERROR: 'NG0303: Can't bind to 'formGroup' since it isn't a known property of 'form'.'
,Chrome Headless 119.0.6045.160 (Windows 10) ERROR: 'NG0303: Can't bind to 'formGroup' since it isn't a known property of 'form'.'
,Chrome Headless 119.0.6045.160 (Windows 10) ERROR: 'NG0303: Can't bind to 'formGroup' since it isn't a known property of 'form'.'
,Chrome Headless 119.0.6045.160 (Windows 10) ERROR: 'NG0303: Can't bind to 'formGroup' since it isn't a known property of 'form'.'
,Chrome Headless 119.0.6045.160 (Windows 10) ERROR: 'NG0303: Can't bind to 'formGroup' since it isn't a known property of 'form'.'
,Chrome Headless 119.0.6045.160 (Windows 10) ERROR: 'NG0303: Can't bind to 'formGroup' since it isn't a known property of 'form'.'

]]>
  </system-out>
  <system-err/>
</testsuite>